0 info it worked if it ends with ok
1 verbose cli [ '/usr/bin/node', '/usr/bin/npm', 'version', 'major' ]
2 info using npm@1.4.9
3 info using node@v0.10.28
4 error Error: Git working directory not clean.
4 error M package.json
4 error     at /usr/lib/node_modules/npm/lib/version.js:98:35
4 error     at ChildProcess.exithandler (child_process.js:645:7)
4 error     at ChildProcess.EventEmitter.emit (events.js:98:17)
4 error     at maybeClose (child_process.js:753:16)
4 error     at Socket.<anonymous> (child_process.js:966:11)
4 error     at Socket.EventEmitter.emit (events.js:95:17)
4 error     at Pipe.close (net.js:465:12)
5 error If you need help, you may report this *entire* log,
5 error including the npm and node versions, at:
5 error     <http://github.com/npm/npm/issues>
6 error System Linux 3.14.4-1-ARCH
7 error command "/usr/bin/node" "/usr/bin/npm" "version" "major"
8 error cwd /home/andrew/node/sparknode
9 error node -v v0.10.28
10 error npm -v 1.4.9
11 verbose exit [ 1, true ]
